\BOOKMARK [0][-]{chapter.1}{\376\377\000a\000a\000a\000p\000\137\000r\000e\000\137\000p\000h\000o\000t\000o\000\040\000m\000o\000d\000u\000l\000e}{}% 1
\BOOKMARK [0][-]{chapter.2}{\376\377\000i\000m\000a\000g\000e\000\137\000a\000a\000a\000p\000\040\000m\000o\000d\000u\000l\000e}{}% 2
\BOOKMARK [0][-]{chapter.3}{\376\377\000i\000m\000a\000g\000e\000\137\000a\000a\000a\000p\000\137\000m\000a\000i\000n\000\040\000m\000o\000d\000u\000l\000e}{}% 3
\BOOKMARK [0][-]{chapter.4}{\376\377\000i\000m\000a\000g\000e\000\137\000d\000r\000a\000w\000\137\000g\000r\000i\000d\000\040\000m\000o\000d\000u\000l\000e}{}% 4
\BOOKMARK [0][-]{chapter.5}{\376\377\000i\000m\000a\000g\000e\000\137\000g\000a\000b\000o\000r\000\040\000m\000o\000d\000u\000l\000e}{}% 5
\BOOKMARK [0][-]{chapter.6}{\376\377\000i\000m\000a\000g\000e\000\137\000h\000e\000l\000p\000e\000r\000s\000\040\000m\000o\000d\000u\000l\000e}{}% 6
\BOOKMARK [0][-]{chapter.7}{\376\377\000i\000m\000a\000g\000e\000\137\000i\000o\000\040\000m\000o\000d\000u\000l\000e}{}% 7
\BOOKMARK [0][-]{chapter.8}{\376\377\000i\000m\000a\000g\000e\000\137\000l\000i\000n\000e\000s\000\040\000m\000o\000d\000u\000l\000e}{}% 8
\BOOKMARK [0][-]{chapter.9}{\376\377\000i\000m\000a\000g\000e\000\137\000m\000o\000r\000p\000h\000i\000n\000g\000\040\000m\000o\000d\000u\000l\000e}{}% 9
\BOOKMARK [0][-]{chapter.10}{\376\377\000i\000m\000a\000g\000e\000\137\000p\000e\000r\000s\000p\000e\000c\000t\000i\000v\000e\000\137\000a\000l\000i\000g\000n\000m\000e\000n\000t\000\040\000m\000o\000d\000u\000l\000e}{}% 10
\BOOKMARK [0][-]{chapter.11}{\376\377\000i\000m\000a\000g\000e\000\137\000s\000a\000c\000\040\000m\000o\000d\000u\000l\000e}{}% 11
\BOOKMARK [0][-]{chapter.12}{\376\377\000l\000e\000r\000\040\000p\000a\000c\000k\000a\000g\000e}{}% 12
\BOOKMARK [1][-]{section.12.1}{\376\377\000S\000u\000b\000m\000o\000d\000u\000l\000e\000s}{chapter.12}% 13
\BOOKMARK [1][-]{section.12.2}{\376\377\000l\000e\000r\000.\000i\000m\000a\000g\000e\000\137\000l\000e\000r\000\040\000m\000o\000d\000u\000l\000e}{chapter.12}% 14
\BOOKMARK [1][-]{section.12.3}{\376\377\000M\000o\000d\000u\000l\000e\000\040\000c\000o\000n\000t\000e\000n\000t\000s}{chapter.12}% 15
\BOOKMARK [0][-]{chapter.13}{\376\377\000s\000p\000q\000r\000\040\000p\000a\000c\000k\000a\000g\000e}{}% 16
\BOOKMARK [1][-]{section.13.1}{\376\377\000S\000u\000b\000m\000o\000d\000u\000l\000e\000s}{chapter.13}% 17
\BOOKMARK [1][-]{section.13.2}{\376\377\000s\000p\000q\000r\000.\000i\000m\000a\000g\000e\000\137\000s\000p\000q\000r\000\040\000m\000o\000d\000u\000l\000e}{chapter.13}% 18
\BOOKMARK [1][-]{section.13.3}{\376\377\000M\000o\000d\000u\000l\000e\000\040\000c\000o\000n\000t\000e\000n\000t\000s}{chapter.13}% 19
\BOOKMARK [0][-]{chapter.14}{\376\377\000I\000n\000d\000i\000c\000e\000s\000\040\000a\000n\000d\000\040\000t\000a\000b\000l\000e\000s}{}% 20
\BOOKMARK [0][-]{section*.76}{\376\377\000P\000y\000t\000h\000o\000n\000\040\000M\000o\000d\000u\000l\000e\000\040\000I\000n\000d\000e\000x}{}% 21
